<?xml version="1.0" encoding="UTF-8"?>
<!-- Generated by org.testng.reporters.JUnitReportReporter -->
<testsuite hostname="arijitpc" failures="0" tests="1" name="MobilePackage.AppLinkTest" time="21.052" errors="0" timestamp="2020-08-23T11:48:06 IST" skipped="0">
  <testcase classname="MobilePackage.AppLinkTest" name="linktest" time="21.052"/>
  <system-out/>
</testsuite> <!-- MobilePackage.AppLinkTest -->
