<?xml version="1.0" encoding="UTF-8"?>
<!-- Generated by org.testng.reporters.JUnitReportReporter -->
<testsuite hostname="arijitpc" failures="0" tests="1" name="MobilePackage.LoginTest" time="35.083" errors="0" timestamp="2020-05-24T20:16:18 IST" skipped="0">
  <testcase classname="MobilePackage.LoginTest" name="login" time="35.083"/>
  <system-out/>
</testsuite> <!-- MobilePackage.LoginTest -->
